<?xml version="1.0" encoding="UTF-8"?>
<!-- Generated by org.testng.reporters.JUnitReportReporter -->
<testsuite hostname="DESKTOP-N8BIK59" failures="0" tests="1" name="Amazon_pacakge.Amazon_project.Test_4_Execution" time="15.294" errors="0" timestamp="2025-06-11T14:53:58 IST" skipped="0">
  <testcase classname="Amazon_pacakge.Amazon_project.Test_4_Execution" name="editprofile" time="15.294"/>
</testsuite> <!-- Amazon_pacakge.Amazon_project.Test_4_Execution -->
