<?xml version="1.0" encoding="UTF-8"?>
<!-- Generated by org.testng.reporters.JUnitReportReporter -->
<testsuite hostname="DESKTOP-N8BIK59" failures="0" tests="1" name="Amazon_pacakge.Amazon_project.Test_4_Execution_Editprofile" time="22.751" errors="0" timestamp="2025-06-24T12:02:54 IST" skipped="0">
  <testcase classname="Amazon_pacakge.Amazon_project.Test_4_Execution_Editprofile" name="editprofile" time="22.751">
    <system-out>
      <![CDATA[successful done step 3
Enter the username
Cliking continue
Enter the username
Successful login in
click on editing
Successfully editing
save changes]]>
    </system-out>
  </testcase> <!-- editprofile -->
  <system-out>
    <![CDATA[Successfully done to account
successful done step 3
Enter the username
Cliking continue
Enter the username
Successful login in
click on editing
Successfully editing
save changes
Successfully close]]>
  </system-out>
</testsuite> <!-- Amazon_pacakge.Amazon_project.Test_4_Execution_Editprofile -->
