<?xml version="1.0" encoding="UTF-8"?>
<!-- Generated by org.testng.reporters.JUnitReportReporter -->
<testsuite hostname="DESKTOP-N8BIK59" failures="0" tests="1" name="Amazon_pacakge.Amazon_project.Test_5_Execution" time="20.133" errors="0" timestamp="2025-06-12T16:39:37 IST" skipped="0">
  <testcase classname="Amazon_pacakge.Amazon_project.Test_5_Execution" name="addtocart" time="20.133"/>
</testsuite> <!-- Amazon_pacakge.Amazon_project.Test_5_Execution -->
