<?xml version="1.0" encoding="UTF-8"?>
<!-- Generated by org.testng.reporters.JUnitReportReporter -->
<testsuite hostname="DESKTOP-N8BIK59" failures="0" tests="1" name="Amazon_pacakge.Amazon_project.Test_1_Exection" time="5.176" errors="0" timestamp="2025-06-06T16:53:37 IST" skipped="0">
  <testcase classname="Amazon_pacakge.Amazon_project.Test_1_Exection" name="loginsuccesful" time="5.176"/>
</testsuite> <!-- Amazon_pacakge.Amazon_project.Test_1_Exection -->
