<?xml version="1.0" encoding="UTF-8"?>
<!-- Generated by org.testng.reporters.JUnitReportReporter -->
<testsuite hostname="DESKTOP-N8BIK59" failures="0" tests="1" name="Amazon_pacakge.Amazon_project.Test_9_Exectuion" time="32.212" errors="0" timestamp="2025-06-12T18:28:16 IST" skipped="0">
  <testcase classname="Amazon_pacakge.Amazon_project.Test_9_Exectuion" name="addtocart" time="32.212"/>
</testsuite> <!-- Amazon_pacakge.Amazon_project.Test_9_Exectuion -->
