<?xml version="1.0" encoding="UTF-8"?>
<!-- Generated by org.testng.reporters.JUnitReportReporter -->
<testsuite hostname="DESKTOP-N8BIK59" failures="0" tests="1" name="Amazon_pacakge.Amazon_project.Testcase_1" time="9.508" errors="0" timestamp="2025-06-05T21:27:11 IST" skipped="0">
  <testcase classname="Amazon_pacakge.Amazon_project.Testcase_1" name="login_in" time="9.508"/>
</testsuite> <!-- Amazon_pacakge.Amazon_project.Testcase_1 -->
