<?xml version="1.0" encoding="UTF-8"?>
<!-- Generated by org.testng.reporters.JUnitReportReporter -->
<testsuite hostname="DESKTOP-N8BIK59" failures="0" tests="1" name="Amazon_pacakge.Amazon_project.Test_1_Execution" time="15.712" errors="0" timestamp="2025-06-24T12:06:28 IST" skipped="0">
  <testcase classname="Amazon_pacakge.Amazon_project.Test_1_Execution" name="loginsuccesful" time="15.712">
    <system-out>
      <![CDATA[successful done step 3
signin new user
Enter the username
Cliking continue
Entering password
Successful login in]]>
    </system-out>
  </testcase> <!-- loginsuccesful -->
  <system-out>
    <![CDATA[Successfully done to account
successful done step 3
Successful signin1
Enter the username
Cliking continue
Entering password
Successful login in
Successfully close
Successfully done to account
successful done step 3
signin new user
Enter the username
Cliking continue
Entering password
Successful login in
Successfully close
Successfully done to account
Successfully close]]>
  </system-out>
</testsuite> <!-- Amazon_pacakge.Amazon_project.Test_1_Execution -->
