<?xml version="1.0" encoding="UTF-8"?>
<!-- Generated by org.testng.reporters.JUnitReportReporter -->
<testsuite hostname="DESKTOP-N8BIK59" failures="0" tests="1" name="Amazon_pacakge.Amazon_project.Test_15_addtocartwithoutlogin" time="19.728" errors="0" timestamp="2025-06-24T12:06:28 IST" skipped="0">
  <testcase classname="Amazon_pacakge.Amazon_project.Test_15_addtocartwithoutlogin" name="addtocartnologin" time="19.728"/>
  <system-out>
    <![CDATA[Successfully done to account
successful done step 3
Successful signin1
Enter the username
Cliking continue
Entering password
Successful login in
Successfully close
Successfully done to account
successful done step 3
signin new user
Enter the username
Cliking continue
Entering password
Successful login in
Successfully close
Successfully done to account
Successfully close]]>
  </system-out>
</testsuite> <!-- Amazon_pacakge.Amazon_project.Test_15_addtocartwithoutlogin -->
